c:\users\curso\documents\visual studio 2012\projects\pruebasdatos\pruebasdatos\debug\.netframework,version=v4.0.assemblyattributes.obj
c:\users\curso\documents\visual studio 2012\projects\pruebasdatos\pruebasdatos\debug\vc110.pdb
c:\users\curso\documents\visual studio 2012\projects\pruebasdatos\pruebasdatos\debug\myform.obj
c:\users\curso\documents\visual studio 2012\projects\pruebasdatos\pruebasdatos\debug\myform1.obj
c:\users\curso\documents\visual studio 2012\projects\pruebasdatos\debug\pruebasdatos.ilk
c:\users\curso\documents\visual studio 2012\projects\pruebasdatos\debug\pruebasdatos.exe
c:\users\curso\documents\visual studio 2012\projects\pruebasdatos\debug\pruebasdatos.pdb
c:\users\curso\documents\visual studio 2012\projects\pruebasdatos\pruebasdatos\debug\pruebasdatos.myform.resources
c:\users\curso\documents\visual studio 2012\projects\pruebasdatos\pruebasdatos\debug\pruebasdatos.myform1.resources
c:\users\luis pablo monge\progras\i semestre 2016\datos\pruebasdatos\pruebasdatos\debug\vc140.pdb
c:\users\luis pablo monge\progras\i semestre 2016\datos\pruebasdatos\pruebasdatos\debug\.netframework,version=v4.0.assemblyattributes.obj
c:\users\luis pablo monge\progras\i semestre 2016\datos\pruebasdatos\pruebasdatos\debug\.netframework,version=v4.0.assemblyattributes.asm
c:\users\luis pablo monge\progras\i semestre 2016\datos\pruebasdatos\pruebasdatos\debug\myform.obj
c:\users\luis pablo monge\progras\i semestre 2016\datos\pruebasdatos\pruebasdatos\debug\myform2.obj
c:\users\luis pablo monge\progras\i semestre 2016\datos\pruebasdatos\debug\proyecto-2-datos.exe
c:\users\luis pablo monge\progras\i semestre 2016\datos\pruebasdatos\debug\proyecto-2-datos.pdb
c:\users\luis pablo monge\progras\i semestre 2016\datos\pruebasdatos\pruebasdatos\debug\pruebasdatos.myform.resources
c:\users\luis pablo monge\progras\i semestre 2016\datos\pruebasdatos\pruebasdatos\debug\pruebasdatos.myform1.resources
c:\users\luis pablo monge\progras\i semestre 2016\datos\pruebasdatos\pruebasdatos\debug\pruebasdatos.vcxproj.generateresource.cache
c:\users\luis pablo monge\progras\i semestre 2016\datos\pruebasdatos\pruebasdatos\debug\pruebasdatos.vcxprojresolveassemblyreference.cache
c:\users\luis pablo monge\progras\i semestre 2016\datos\pruebasdatos\pruebasdatos\debug\myform1.obj
c:\users\luis pablo monge\progras\i semestre 2016\datos\pruebasdatos\pruebasdatos\debug\cl.command.1.tlog
c:\users\luis pablo monge\progras\i semestre 2016\datos\pruebasdatos\pruebasdatos\debug\cl.read.1.tlog
c:\users\luis pablo monge\progras\i semestre 2016\datos\pruebasdatos\pruebasdatos\debug\cl.write.1.tlog
c:\users\luis pablo monge\progras\i semestre 2016\datos\pruebasdatos\pruebasdatos\debug\link.1316.read.1.tlog
c:\users\luis pablo monge\progras\i semestre 2016\datos\pruebasdatos\pruebasdatos\debug\link.1316.write.1.tlog
c:\users\luis pablo monge\progras\i semestre 2016\datos\pruebasdatos\pruebasdatos\debug\link.200-cvtres.read.1.tlog
c:\users\luis pablo monge\progras\i semestre 2016\datos\pruebasdatos\pruebasdatos\debug\link.200-cvtres.write.1.tlog
c:\users\luis pablo monge\progras\i semestre 2016\datos\pruebasdatos\pruebasdatos\debug\link.200-rc.read.1.tlog
c:\users\luis pablo monge\progras\i semestre 2016\datos\pruebasdatos\pruebasdatos\debug\link.200-rc.write.1.tlog
c:\users\luis pablo monge\progras\i semestre 2016\datos\pruebasdatos\pruebasdatos\debug\link.200.read.1.tlog
c:\users\luis pablo monge\progras\i semestre 2016\datos\pruebasdatos\pruebasdatos\debug\link.200.write.1.tlog
c:\users\luis pablo monge\progras\i semestre 2016\datos\pruebasdatos\pruebasdatos\debug\link.2172-cvtres.read.1.tlog
c:\users\luis pablo monge\progras\i semestre 2016\datos\pruebasdatos\pruebasdatos\debug\link.2172-cvtres.write.1.tlog
c:\users\luis pablo monge\progras\i semestre 2016\datos\pruebasdatos\pruebasdatos\debug\link.2172-rc.read.1.tlog
c:\users\luis pablo monge\progras\i semestre 2016\datos\pruebasdatos\pruebasdatos\debug\link.2172-rc.write.1.tlog
c:\users\luis pablo monge\progras\i semestre 2016\datos\pruebasdatos\pruebasdatos\debug\link.2172.read.1.tlog
c:\users\luis pablo monge\progras\i semestre 2016\datos\pruebasdatos\pruebasdatos\debug\link.2172.write.1.tlog
c:\users\luis pablo monge\progras\i semestre 2016\datos\pruebasdatos\pruebasdatos\debug\link.2380-cvtres.read.1.tlog
c:\users\luis pablo monge\progras\i semestre 2016\datos\pruebasdatos\pruebasdatos\debug\link.2380-cvtres.write.1.tlog
c:\users\luis pablo monge\progras\i semestre 2016\datos\pruebasdatos\pruebasdatos\debug\link.2380-rc.read.1.tlog
c:\users\luis pablo monge\progras\i semestre 2016\datos\pruebasdatos\pruebasdatos\debug\link.2380-rc.write.1.tlog
c:\users\luis pablo monge\progras\i semestre 2016\datos\pruebasdatos\pruebasdatos\debug\link.2380.read.1.tlog
c:\users\luis pablo monge\progras\i semestre 2016\datos\pruebasdatos\pruebasdatos\debug\link.2380.write.1.tlog
c:\users\luis pablo monge\progras\i semestre 2016\datos\pruebasdatos\pruebasdatos\debug\link.2520-cvtres.read.1.tlog
c:\users\luis pablo monge\progras\i semestre 2016\datos\pruebasdatos\pruebasdatos\debug\link.2520-cvtres.write.1.tlog
c:\users\luis pablo monge\progras\i semestre 2016\datos\pruebasdatos\pruebasdatos\debug\link.2520-rc.read.1.tlog
c:\users\luis pablo monge\progras\i semestre 2016\datos\pruebasdatos\pruebasdatos\debug\link.2520-rc.write.1.tlog
c:\users\luis pablo monge\progras\i semestre 2016\datos\pruebasdatos\pruebasdatos\debug\link.2520.read.1.tlog
c:\users\luis pablo monge\progras\i semestre 2016\datos\pruebasdatos\pruebasdatos\debug\link.2520.write.1.tlog
c:\users\luis pablo monge\progras\i semestre 2016\datos\pruebasdatos\pruebasdatos\debug\link.3784-cvtres.read.1.tlog
c:\users\luis pablo monge\progras\i semestre 2016\datos\pruebasdatos\pruebasdatos\debug\link.3784-cvtres.write.1.tlog
c:\users\luis pablo monge\progras\i semestre 2016\datos\pruebasdatos\pruebasdatos\debug\link.3784-rc.read.1.tlog
c:\users\luis pablo monge\progras\i semestre 2016\datos\pruebasdatos\pruebasdatos\debug\link.3784-rc.write.1.tlog
c:\users\luis pablo monge\progras\i semestre 2016\datos\pruebasdatos\pruebasdatos\debug\link.3784.read.1.tlog
c:\users\luis pablo monge\progras\i semestre 2016\datos\pruebasdatos\pruebasdatos\debug\link.3784.write.1.tlog
c:\users\luis pablo monge\progras\i semestre 2016\datos\pruebasdatos\pruebasdatos\debug\link.3924-cvtres.read.1.tlog
c:\users\luis pablo monge\progras\i semestre 2016\datos\pruebasdatos\pruebasdatos\debug\link.3924-cvtres.write.1.tlog
c:\users\luis pablo monge\progras\i semestre 2016\datos\pruebasdatos\pruebasdatos\debug\link.3924-rc.read.1.tlog
c:\users\luis pablo monge\progras\i semestre 2016\datos\pruebasdatos\pruebasdatos\debug\link.3924-rc.write.1.tlog
c:\users\luis pablo monge\progras\i semestre 2016\datos\pruebasdatos\pruebasdatos\debug\link.3924.read.1.tlog
c:\users\luis pablo monge\progras\i semestre 2016\datos\pruebasdatos\pruebasdatos\debug\link.3924.write.1.tlog
c:\users\luis pablo monge\progras\i semestre 2016\datos\pruebasdatos\pruebasdatos\debug\link.4120-cvtres.read.1.tlog
c:\users\luis pablo monge\progras\i semestre 2016\datos\pruebasdatos\pruebasdatos\debug\link.4120-cvtres.write.1.tlog
c:\users\luis pablo monge\progras\i semestre 2016\datos\pruebasdatos\pruebasdatos\debug\link.4120-rc.read.1.tlog
c:\users\luis pablo monge\progras\i semestre 2016\datos\pruebasdatos\pruebasdatos\debug\link.4120-rc.write.1.tlog
c:\users\luis pablo monge\progras\i semestre 2016\datos\pruebasdatos\pruebasdatos\debug\link.4120.read.1.tlog
c:\users\luis pablo monge\progras\i semestre 2016\datos\pruebasdatos\pruebasdatos\debug\link.4120.write.1.tlog
c:\users\luis pablo monge\progras\i semestre 2016\datos\pruebasdatos\pruebasdatos\debug\link.4448-cvtres.read.1.tlog
c:\users\luis pablo monge\progras\i semestre 2016\datos\pruebasdatos\pruebasdatos\debug\link.4448-cvtres.write.1.tlog
c:\users\luis pablo monge\progras\i semestre 2016\datos\pruebasdatos\pruebasdatos\debug\link.4448-rc.read.1.tlog
c:\users\luis pablo monge\progras\i semestre 2016\datos\pruebasdatos\pruebasdatos\debug\link.4448-rc.write.1.tlog
c:\users\luis pablo monge\progras\i semestre 2016\datos\pruebasdatos\pruebasdatos\debug\link.4448.read.1.tlog
c:\users\luis pablo monge\progras\i semestre 2016\datos\pruebasdatos\pruebasdatos\debug\link.4448.write.1.tlog
c:\users\luis pablo monge\progras\i semestre 2016\datos\pruebasdatos\pruebasdatos\debug\link.4820-cvtres.read.1.tlog
c:\users\luis pablo monge\progras\i semestre 2016\datos\pruebasdatos\pruebasdatos\debug\link.4820-cvtres.write.1.tlog
c:\users\luis pablo monge\progras\i semestre 2016\datos\pruebasdatos\pruebasdatos\debug\link.4820-rc.read.1.tlog
c:\users\luis pablo monge\progras\i semestre 2016\datos\pruebasdatos\pruebasdatos\debug\link.4820-rc.write.1.tlog
c:\users\luis pablo monge\progras\i semestre 2016\datos\pruebasdatos\pruebasdatos\debug\link.4820.read.1.tlog
c:\users\luis pablo monge\progras\i semestre 2016\datos\pruebasdatos\pruebasdatos\debug\link.4820.write.1.tlog
c:\users\luis pablo monge\progras\i semestre 2016\datos\pruebasdatos\pruebasdatos\debug\link.916-cvtres.read.1.tlog
c:\users\luis pablo monge\progras\i semestre 2016\datos\pruebasdatos\pruebasdatos\debug\link.916-cvtres.write.1.tlog
c:\users\luis pablo monge\progras\i semestre 2016\datos\pruebasdatos\pruebasdatos\debug\link.916-rc.read.1.tlog
c:\users\luis pablo monge\progras\i semestre 2016\datos\pruebasdatos\pruebasdatos\debug\link.916-rc.write.1.tlog
c:\users\luis pablo monge\progras\i semestre 2016\datos\pruebasdatos\pruebasdatos\debug\link.916.read.1.tlog
c:\users\luis pablo monge\progras\i semestre 2016\datos\pruebasdatos\pruebasdatos\debug\link.916.write.1.tlog
c:\users\luis pablo monge\progras\i semestre 2016\datos\pruebasdatos\pruebasdatos\debug\link.command.1.tlog
c:\users\luis pablo monge\progras\i semestre 2016\datos\pruebasdatos\pruebasdatos\debug\link.read.1.tlog
c:\users\luis pablo monge\progras\i semestre 2016\datos\pruebasdatos\pruebasdatos\debug\link.write.1.tlog
c:\users\luis pablo monge\progras\i semestre 2016\datos\pruebasdatos\pruebasdatos\debug\metagen.read.1.tlog
c:\users\luis pablo monge\progras\i semestre 2016\datos\pruebasdatos\pruebasdatos\debug\metagen.write.1.tlog
c:\users\luis pablo monge\progras\i semestre 2016\datos\pruebasdatos\pruebasdatos\debug\pruebasdatos.write.1.tlog
c:\users\luis pablo monge\progras\i semestre 2016\datos\pruebasdatos\pruebasdatos\debug\vc110.pdb
c:\users\luis pablo monge\progras\i semestre 2016\datos\pruebasdatos\pruebasdatos\debug\tzres.dll.bi
c:\users\luis pablo monge\progras\i semestre 2016\datos\pruebasdatos\pruebasdatos\debug\proyecto-2-datos.tlog\cl.command.1.tlog
c:\users\luis pablo monge\progras\i semestre 2016\datos\pruebasdatos\pruebasdatos\debug\proyecto-2-datos.tlog\cl.read.1.tlog
c:\users\luis pablo monge\progras\i semestre 2016\datos\pruebasdatos\pruebasdatos\debug\proyecto-2-datos.tlog\cl.write.1.tlog
c:\users\luis pablo monge\progras\i semestre 2016\datos\pruebasdatos\pruebasdatos\debug\proyecto-2-datos.tlog\link.command.1.tlog
c:\users\luis pablo monge\progras\i semestre 2016\datos\pruebasdatos\pruebasdatos\debug\proyecto-2-datos.tlog\link.read.1.tlog
c:\users\luis pablo monge\progras\i semestre 2016\datos\pruebasdatos\pruebasdatos\debug\proyecto-2-datos.tlog\link.write.1.tlog
c:\users\luis pablo monge\progras\i semestre 2016\datos\pruebasdatos\pruebasdatos\debug\proyecto-2-datos.tlog\metagen.read.1.tlog
c:\users\luis pablo monge\progras\i semestre 2016\datos\pruebasdatos\pruebasdatos\debug\proyecto-2-datos.tlog\metagen.write.1.tlog
c:\users\luis pablo monge\progras\i semestre 2016\datos\pruebasdatos\pruebasdatos\debug\proyecto-2-datos.tlog\proyecto-2-datos.write.1u.tlog
c:\users\luis pablo monge\progras\i semestre 2016\datos\pruebasdatos\pruebasdatos\debug\proyecto-2-datos.tlog\tzres.dll.bi
